This is pdfTeX, Version 3.1415926-2.5-1.40.14 (TeX Live 2013/W32TeX) (format=pdflatex 2014.4.16)  19 JAN 2015 14:55
entering extended mode
 restricted \write18 enabled.
 %&-line parsing enabled.
**"iCampus Development Guide.tex"
(./iCampus Development Guide.tex
LaTeX2e <2011/06/27>
Babel <3.9k> and hyphenation patterns for 78 languages loaded.
(c:/texlive/2013/texmf-dist/tex/latex/base/report.cls
Document Class: report 2007/10/19 v1.4h Standard LaTeX document class
(c:/texlive/2013/texmf-dist/tex/latex/base/size10.clo
File: size10.clo 2007/10/19 v1.4h Standard LaTeX file (size option)
)
\c@part=\count79
\c@chapter=\count80
\c@section=\count81
\c@subsection=\count82
\c@subsubsection=\count83
\c@paragraph=\count84
\c@subparagraph=\count85
\c@figure=\count86
\c@table=\count87
\abovecaptionskip=\skip41
\belowcaptionskip=\skip42
\bibindent=\dimen102
)
(c:/texlive/2013/texmf-dist/tex/latex/geometry/geometry.sty
Package: geometry 2010/09/12 v5.6 Page Geometry

(c:/texlive/2013/texmf-dist/tex/latex/graphics/keyval.sty
Package: keyval 1999/03/16 v1.13 key=value parser (DPC)
\KV@toks@=\toks14
)
(c:/texlive/2013/texmf-dist/tex/generic/oberdiek/ifpdf.sty
Package: ifpdf 2011/01/30 v2.3 Provides the ifpdf switch (HO)
Package ifpdf Info: pdfTeX in PDF mode is detected.
)
(c:/texlive/2013/texmf-dist/tex/generic/oberdiek/ifvtex.sty
Package: ifvtex 2010/03/01 v1.5 Detect VTeX and its facilities (HO)
Package ifvtex Info: VTeX not detected.
)
(c:/texlive/2013/texmf-dist/tex/generic/ifxetex/ifxetex.sty
Package: ifxetex 2010/09/12 v0.6 Provides ifxetex conditional
)
\Gm@cnth=\count88
\Gm@cntv=\count89
\c@Gm@tempcnt=\count90
\Gm@bindingoffset=\dimen103
\Gm@wd@mp=\dimen104
\Gm@odd@mp=\dimen105
\Gm@even@mp=\dimen106
\Gm@layoutwidth=\dimen107
\Gm@layoutheight=\dimen108
\Gm@layouthoffset=\dimen109
\Gm@layoutvoffset=\dimen110
\Gm@dimlist=\toks15
)
(c:/texlive/2013/texmf-dist/tex/latex/base/inputenc.sty
Package: inputenc 2008/03/30 v1.1d Input encoding file
\inpenc@prehook=\toks16
\inpenc@posthook=\toks17

(c:/texlive/2013/texmf-dist/tex/latex/base/utf8.def
File: utf8.def 2008/04/05 v1.1m UTF-8 support for inputenc
Now handling font encoding OML ...
... no UTF-8 mapping file for font encoding OML
Now handling font encoding T1 ...
... processing UTF-8 mapping file for font encoding T1

(c:/texlive/2013/texmf-dist/tex/latex/base/t1enc.dfu
File: t1enc.dfu 2008/04/05 v1.1m UTF-8 support for inputenc
   defining Unicode char U+00A1 (decimal 161)
   defining Unicode char U+00A3 (decimal 163)
   defining Unicode char U+00AB (decimal 171)
   defining Unicode char U+00BB (decimal 187)
   defining Unicode char U+00BF (decimal 191)
   defining Unicode char U+00C0 (decimal 192)
   defining Unicode char U+00C1 (decimal 193)
   defining Unicode char U+00C2 (decimal 194)
   defining Unicode char U+00C3 (decimal 195)
   defining Unicode char U+00C4 (decimal 196)
   defining Unicode char U+00C5 (decimal 197)
   defining Unicode char U+00C6 (decimal 198)
   defining Unicode char U+00C7 (decimal 199)
   defining Unicode char U+00C8 (decimal 200)
   defining Unicode char U+00C9 (decimal 201)
   defining Unicode char U+00CA (decimal 202)
   defining Unicode char U+00CB (decimal 203)
   defining Unicode char U+00CC (decimal 204)
   defining Unicode char U+00CD (decimal 205)
   defining Unicode char U+00CE (decimal 206)
   defining Unicode char U+00CF (decimal 207)
   defining Unicode char U+00D0 (decimal 208)
   defining Unicode char U+00D1 (decimal 209)
   defining Unicode char U+00D2 (decimal 210)
   defining Unicode char U+00D3 (decimal 211)
   defining Unicode char U+00D4 (decimal 212)
   defining Unicode char U+00D5 (decimal 213)
   defining Unicode char U+00D6 (decimal 214)
   defining Unicode char U+00D8 (decimal 216)
   defining Unicode char U+00D9 (decimal 217)
   defining Unicode char U+00DA (decimal 218)
   defining Unicode char U+00DB (decimal 219)
   defining Unicode char U+00DC (decimal 220)
   defining Unicode char U+00DD (decimal 221)
   defining Unicode char U+00DE (decimal 222)
   defining Unicode char U+00DF (decimal 223)
   defining Unicode char U+00E0 (decimal 224)
   defining Unicode char U+00E1 (decimal 225)
   defining Unicode char U+00E2 (decimal 226)
   defining Unicode char U+00E3 (decimal 227)
   defining Unicode char U+00E4 (decimal 228)
   defining Unicode char U+00E5 (decimal 229)
   defining Unicode char U+00E6 (decimal 230)
   defining Unicode char U+00E7 (decimal 231)
   defining Unicode char U+00E8 (decimal 232)
   defining Unicode char U+00E9 (decimal 233)
   defining Unicode char U+00EA (decimal 234)
   defining Unicode char U+00EB (decimal 235)
   defining Unicode char U+00EC (decimal 236)
   defining Unicode char U+00ED (decimal 237)
   defining Unicode char U+00EE (decimal 238)
   defining Unicode char U+00EF (decimal 239)
   defining Unicode char U+00F0 (decimal 240)
   defining Unicode char U+00F1 (decimal 241)
   defining Unicode char U+00F2 (decimal 242)
   defining Unicode char U+00F3 (decimal 243)
   defining Unicode char U+00F4 (decimal 244)
   defining Unicode char U+00F5 (decimal 245)
   defining Unicode char U+00F6 (decimal 246)
   defining Unicode char U+00F8 (decimal 248)
   defining Unicode char U+00F9 (decimal 249)
   defining Unicode char U+00FA (decimal 250)
   defining Unicode char U+00FB (decimal 251)
   defining Unicode char U+00FC (decimal 252)
   defining Unicode char U+00FD (decimal 253)
   defining Unicode char U+00FE (decimal 254)
   defining Unicode char U+00FF (decimal 255)
   defining Unicode char U+0102 (decimal 258)
   defining Unicode char U+0103 (decimal 259)
   defining Unicode char U+0104 (decimal 260)
   defining Unicode char U+0105 (decimal 261)
   defining Unicode char U+0106 (decimal 262)
   defining Unicode char U+0107 (decimal 263)
   defining Unicode char U+010C (decimal 268)
   defining Unicode char U+010D (decimal 269)
   defining Unicode char U+010E (decimal 270)
   defining Unicode char U+010F (decimal 271)
   defining Unicode char U+0110 (decimal 272)
   defining Unicode char U+0111 (decimal 273)
   defining Unicode char U+0118 (decimal 280)
   defining Unicode char U+0119 (decimal 281)
   defining Unicode char U+011A (decimal 282)
   defining Unicode char U+011B (decimal 283)
   defining Unicode char U+011E (decimal 286)
   defining Unicode char U+011F (decimal 287)
   defining Unicode char U+0130 (decimal 304)
   defining Unicode char U+0131 (decimal 305)
   defining Unicode char U+0132 (decimal 306)
   defining Unicode char U+0133 (decimal 307)
   defining Unicode char U+0139 (decimal 313)
   defining Unicode char U+013A (decimal 314)
   defining Unicode char U+013D (decimal 317)
   defining Unicode char U+013E (decimal 318)
   defining Unicode char U+0141 (decimal 321)
   defining Unicode char U+0142 (decimal 322)
   defining Unicode char U+0143 (decimal 323)
   defining Unicode char U+0144 (decimal 324)
   defining Unicode char U+0147 (decimal 327)
   defining Unicode char U+0148 (decimal 328)
   defining Unicode char U+014A (decimal 330)
   defining Unicode char U+014B (decimal 331)
   defining Unicode char U+0150 (decimal 336)
   defining Unicode char U+0151 (decimal 337)
   defining Unicode char U+0152 (decimal 338)
   defining Unicode char U+0153 (decimal 339)
   defining Unicode char U+0154 (decimal 340)
   defining Unicode char U+0155 (decimal 341)
   defining Unicode char U+0158 (decimal 344)
   defining Unicode char U+0159 (decimal 345)
   defining Unicode char U+015A (decimal 346)
   defining Unicode char U+015B (decimal 347)
   defining Unicode char U+015E (decimal 350)
   defining Unicode char U+015F (decimal 351)
   defining Unicode char U+0160 (decimal 352)
   defining Unicode char U+0161 (decimal 353)
   defining Unicode char U+0162 (decimal 354)
   defining Unicode char U+0163 (decimal 355)
   defining Unicode char U+0164 (decimal 356)
   defining Unicode char U+0165 (decimal 357)
   defining Unicode char U+016E (decimal 366)
   defining Unicode char U+016F (decimal 367)
   defining Unicode char U+0170 (decimal 368)
   defining Unicode char U+0171 (decimal 369)
   defining Unicode char U+0178 (decimal 376)
   defining Unicode char U+0179 (decimal 377)
   defining Unicode char U+017A (decimal 378)
   defining Unicode char U+017B (decimal 379)
   defining Unicode char U+017C (decimal 380)
   defining Unicode char U+017D (decimal 381)
   defining Unicode char U+017E (decimal 382)
   defining Unicode char U+200C (decimal 8204)
   defining Unicode char U+2013 (decimal 8211)
   defining Unicode char U+2014 (decimal 8212)
   defining Unicode char U+2018 (decimal 8216)
   defining Unicode char U+2019 (decimal 8217)
   defining Unicode char U+201A (decimal 8218)
   defining Unicode char U+201C (decimal 8220)
   defining Unicode char U+201D (decimal 8221)
   defining Unicode char U+201E (decimal 8222)
   defining Unicode char U+2030 (decimal 8240)
   defining Unicode char U+2031 (decimal 8241)
   defining Unicode char U+2039 (decimal 8249)
   defining Unicode char U+203A (decimal 8250)
   defining Unicode char U+2423 (decimal 9251)
)
Now handling font encoding OT1 ...
... processing UTF-8 mapping file for font encoding OT1

(c:/texlive/2013/texmf-dist/tex/latex/base/ot1enc.dfu
File: ot1enc.dfu 2008/04/05 v1.1m UTF-8 support for inputenc
   defining Unicode char U+00A1 (decimal 161)
   defining Unicode char U+00A3 (decimal 163)
   defining Unicode char U+00B8 (decimal 184)
   defining Unicode char U+00BF (decimal 191)
   defining Unicode char U+00C5 (decimal 197)
   defining Unicode char U+00C6 (decimal 198)
   defining Unicode char U+00D8 (decimal 216)
   defining Unicode char U+00DF (decimal 223)
   defining Unicode char U+00E6 (decimal 230)
   defining Unicode char U+00EC (decimal 236)
   defining Unicode char U+00ED (decimal 237)
   defining Unicode char U+00EE (decimal 238)
   defining Unicode char U+00EF (decimal 239)
   defining Unicode char U+00F8 (decimal 248)
   defining Unicode char U+0131 (decimal 305)
   defining Unicode char U+0141 (decimal 321)
   defining Unicode char U+0142 (decimal 322)
   defining Unicode char U+0152 (decimal 338)
   defining Unicode char U+0153 (decimal 339)
   defining Unicode char U+2013 (decimal 8211)
   defining Unicode char U+2014 (decimal 8212)
   defining Unicode char U+2018 (decimal 8216)
   defining Unicode char U+2019 (decimal 8217)
   defining Unicode char U+201C (decimal 8220)
   defining Unicode char U+201D (decimal 8221)
)
Now handling font encoding OMS ...
... processing UTF-8 mapping file for font encoding OMS

(c:/texlive/2013/texmf-dist/tex/latex/base/omsenc.dfu
File: omsenc.dfu 2008/04/05 v1.1m UTF-8 support for inputenc
   defining Unicode char U+00A7 (decimal 167)
   defining Unicode char U+00B6 (decimal 182)
   defining Unicode char U+00B7 (decimal 183)
   defining Unicode char U+2020 (decimal 8224)
   defining Unicode char U+2021 (decimal 8225)
   defining Unicode char U+2022 (decimal 8226)
)
Now handling font encoding OMX ...
... no UTF-8 mapping file for font encoding OMX
Now handling font encoding U ...
... no UTF-8 mapping file for font encoding U
   defining Unicode char U+00A9 (decimal 169)
   defining Unicode char U+00AA (decimal 170)
   defining Unicode char U+00AE (decimal 174)
   defining Unicode char U+00BA (decimal 186)
   defining Unicode char U+02C6 (decimal 710)
   defining Unicode char U+02DC (decimal 732)
   defining Unicode char U+200C (decimal 8204)
   defining Unicode char U+2026 (decimal 8230)
   defining Unicode char U+2122 (decimal 8482)
   defining Unicode char U+2423 (decimal 9251)
))
(c:/texlive/2013/texmf-dist/tex/latex/amsmath/amsmath.sty
Package: amsmath 2013/01/14 v2.14 AMS math features
\@mathmargin=\skip43

For additional information on amsmath, use the `?' option.
(c:/texlive/2013/texmf-dist/tex/latex/amsmath/amstext.sty
Package: amstext 2000/06/29 v2.01

(c:/texlive/2013/texmf-dist/tex/latex/amsmath/amsgen.sty
File: amsgen.sty 1999/11/30 v2.0
\@emptytoks=\toks18
\ex@=\dimen111
))
(c:/texlive/2013/texmf-dist/tex/latex/amsmath/amsbsy.sty
Package: amsbsy 1999/11/29 v1.2d
\pmbraise@=\dimen112
)
(c:/texlive/2013/texmf-dist/tex/latex/amsmath/amsopn.sty
Package: amsopn 1999/12/14 v2.01 operator names
)
\inf@bad=\count91
LaTeX Info: Redefining \frac on input line 210.
\uproot@=\count92
\leftroot@=\count93
LaTeX Info: Redefining \overline on input line 306.
\classnum@=\count94
\DOTSCASE@=\count95
LaTeX Info: Redefining \ldots on input line 378.
LaTeX Info: Redefining \dots on input line 381.
LaTeX Info: Redefining \cdots on input line 466.
\Mathstrutbox@=\box26
\strutbox@=\box27
\big@size=\dimen113
LaTeX Font Info:    Redeclaring font encoding OML on input line 566.
LaTeX Font Info:    Redeclaring font encoding OMS on input line 567.
\macc@depth=\count96
\c@MaxMatrixCols=\count97
\dotsspace@=\muskip10
\c@parentequation=\count98
\dspbrk@lvl=\count99
\tag@help=\toks19
\row@=\count100
\column@=\count101
\maxfields@=\count102
\andhelp@=\toks20
\eqnshift@=\dimen114
\alignsep@=\dimen115
\tagshift@=\dimen116
\tagwidth@=\dimen117
\totwidth@=\dimen118
\lineht@=\dimen119
\@envbody=\toks21
\multlinegap=\skip44
\multlinetaggap=\skip45
\mathdisplay@stack=\toks22
LaTeX Info: Redefining \[ on input line 2665.
LaTeX Info: Redefining \] on input line 2666.
)
(c:/texlive/2013/texmf-dist/tex/latex/amsfonts/amsfonts.sty
Package: amsfonts 2013/01/14 v3.01 Basic AMSFonts support
\symAMSa=\mathgroup4
\symAMSb=\mathgroup5
LaTeX Font Info:    Overwriting math alphabet `\mathfrak' in version `bold'
(Font)                  U/euf/m/n --> U/euf/b/n on input line 106.
)
(c:/texlive/2013/texmf-dist/tex/latex/amsfonts/amssymb.sty
Package: amssymb 2013/01/14 v3.01 AMS font symbols
)
(c:/texlive/2013/texmf-dist/tex/latex/graphics/graphicx.sty
Package: graphicx 1999/02/16 v1.0f Enhanced LaTeX Graphics (DPC,SPQR)

(c:/texlive/2013/texmf-dist/tex/latex/graphics/graphics.sty
Package: graphics 2009/02/05 v1.0o Standard LaTeX Graphics (DPC,SPQR)

(c:/texlive/2013/texmf-dist/tex/latex/graphics/trig.sty
Package: trig 1999/03/16 v1.09 sin cos tan (DPC)
)
(c:/texlive/2013/texmf-dist/tex/latex/latexconfig/graphics.cfg
File: graphics.cfg 2010/04/23 v1.9 graphics configuration of TeX Live
)
Package graphics Info: Driver file: pdftex.def on input line 91.

(c:/texlive/2013/texmf-dist/tex/latex/pdftex-def/pdftex.def
File: pdftex.def 2011/05/27 v0.06d Graphics/color for pdfTeX

(c:/texlive/2013/texmf-dist/tex/generic/oberdiek/infwarerr.sty
Package: infwarerr 2010/04/08 v1.3 Providing info/warning/error messages (HO)
)
(c:/texlive/2013/texmf-dist/tex/generic/oberdiek/ltxcmds.sty
Package: ltxcmds 2011/11/09 v1.22 LaTeX kernel commands for general use (HO)
)
\Gread@gobject=\count103
))
\Gin@req@height=\dimen120
\Gin@req@width=\dimen121
)
(c:/texlive/2013/texmf-dist/tex/latex/oberdiek/grffile.sty
Package: grffile 2012/04/05 v1.16 Extended file name support for graphics (HO)

(c:/texlive/2013/texmf-dist/tex/latex/oberdiek/kvoptions.sty
Package: kvoptions 2011/06/30 v3.11 Key value format for package options (HO)

(c:/texlive/2013/texmf-dist/tex/generic/oberdiek/kvsetkeys.sty
Package: kvsetkeys 2012/04/25 v1.16 Key value parser (HO)

(c:/texlive/2013/texmf-dist/tex/generic/oberdiek/etexcmds.sty
Package: etexcmds 2011/02/16 v1.5 Avoid name clashes with e-TeX commands (HO)

(c:/texlive/2013/texmf-dist/tex/generic/oberdiek/ifluatex.sty
Package: ifluatex 2010/03/01 v1.3 Provides the ifluatex switch (HO)
Package ifluatex Info: LuaTeX not detected.
)
Package etexcmds Info: Could not find \expanded.
(etexcmds)             That can mean that you are not using pdfTeX 1.50 or
(etexcmds)             that some package has redefined \expanded.
(etexcmds)             In the latter case, load this package earlier.
)))
(c:/texlive/2013/texmf-dist/tex/generic/oberdiek/pdftexcmds.sty
Package: pdftexcmds 2011/11/29 v0.20 Utility functions of pdfTeX for LuaTeX (HO
)
Package pdftexcmds Info: LuaTeX not detected.
Package pdftexcmds Info: \pdf@primitive is available.
Package pdftexcmds Info: \pdf@ifprimitive is available.
Package pdftexcmds Info: \pdfdraftmode found.
)
Package grffile Info: Option `multidot' is set to `true'.
Package grffile Info: Option `extendedchars' is set to `false'.
Package grffile Info: Option `space' is set to `true'.
Package grffile Info: \Gin@ii of package `graphicx' fixed on input line 486.
)
(c:/texlive/2013/texmf-dist/tex/latex/oberdiek/epstopdf.sty
Package: epstopdf 2010/02/09 v2.5 Conversion with epstopdf on the fly (HO)

(c:/texlive/2013/texmf-dist/tex/latex/oberdiek/epstopdf-base.sty
Package: epstopdf-base 2010/02/09 v2.5 Base part for package epstopdf

(c:/texlive/2013/texmf-dist/tex/latex/oberdiek/grfext.sty
Package: grfext 2010/08/19 v1.1 Manage graphics extensions (HO)

(c:/texlive/2013/texmf-dist/tex/generic/oberdiek/kvdefinekeys.sty
Package: kvdefinekeys 2011/04/07 v1.3 Define keys (HO)
))
Package grfext Info: Graphics extension search list:
(grfext)             [.png,.pdf,.jpg,.mps,.jpeg,.jbig2,.jb2,.PNG,.PDF,.JPG,.JPE
G,.JBIG2,.JB2,.eps]
(grfext)             \AppendGraphicsExtensions on input line 452.

(c:/texlive/2013/texmf-dist/tex/latex/latexconfig/epstopdf-sys.cfg
File: epstopdf-sys.cfg 2010/07/13 v1.3 Configuration of (r)epstopdf for TeX Liv
e
)))
(c:/texlive/2013/texmf-dist/tex/latex/graphics/epsfig.sty
Package: epsfig 1999/02/16 v1.7a (e)psfig emulation (SPQR)
\epsfxsize=\dimen122
\epsfysize=\dimen123
)
(c:/texlive/2013/texmf-dist/tex/latex/oberdiek/bmpsize.sty
Package: bmpsize 2009/09/04 v1.6 Extract size/resolution from bitmap files (HO)

Package bmpsize Info: Superseded by pdfTeX in PDF mode on input line 41.
)
(c:/texlive/2013/texmf-dist/tex/latex/adjustbox/adjustbox.sty
Package: adjustbox 2012/05/21 v1.0 Adjusting TeX boxes (trim, clip, ...)

(c:/texlive/2013/texmf-dist/tex/latex/xkeyval/xkeyval.sty
Package: xkeyval 2012/10/14 v2.6b package option processing (HA)

(c:/texlive/2013/texmf-dist/tex/generic/xkeyval/xkeyval.tex
\XKV@toks=\toks23
\XKV@tempa@toks=\toks24
\XKV@depth=\count104
File: xkeyval.tex 2012/10/14 v2.6b key=value parser (HA)
))
(c:/texlive/2013/texmf-dist/tex/latex/adjustbox/adjcalc.sty
Package: adjcalc 2012/05/16 v1.1 Provides advanced setlength with multiple back
-ends (calc, etex, pgfmath)
)
(c:/texlive/2013/texmf-dist/tex/latex/adjustbox/trimclip.sty
Package: trimclip 2012/05/16 v1.0 Trim and clip general TeX material

(c:/texlive/2013/texmf-dist/tex/latex/collectbox/collectbox.sty
Package: collectbox 2012/05/17 v0.4b Collect macro arguments as boxes
\collectedbox=\box28
)
\tc@llx=\dimen124
\tc@lly=\dimen125
\tc@urx=\dimen126
\tc@ury=\dimen127
Package trimclip Info: Using driver 'tc-pdftex.def'.

(c:/texlive/2013/texmf-dist/tex/latex/adjustbox/tc-pdftex.def
File: tc-pdftex.def 2012/05/13 v1.0 Clipping driver for pdftex
))
\adjbox@Width=\dimen128
\adjbox@Height=\dimen129
\adjbox@Depth=\dimen130
\adjbox@Totalheight=\dimen131

(c:/texlive/2013/texmf-dist/tex/latex/ifoddpage/ifoddpage.sty
Package: ifoddpage 2011/09/13 v1.0 Conditionals for odd/even page detection
\c@checkoddpage=\count105
)
(c:/texlive/2013/texmf-dist/tex/latex/varwidth/varwidth.sty
Package: varwidth 2009/03/30 ver 0.92;  Variable-width minipages
\@vwid@box=\box29
\sift@deathcycles=\count106
\@vwid@loff=\dimen132
\@vwid@roff=\dimen133
))
(c:/texlive/2013/texmf-dist/tex/latex/wrapfig/wrapfig.sty
\wrapoverhang=\dimen134
\WF@size=\dimen135
\c@WF@wrappedlines=\count107
\WF@box=\box30
\WF@everypar=\toks25
Package: wrapfig 2003/01/31  v 3.6
)
(c:/texlive/2013/texmf-dist/tex/latex/appendix/appendix.sty
Package: appendix 2009/09/02 v1.2b extra appendix facilities
\c@@pps=\count108
\c@@ppsavesec=\count109
\c@@ppsaveapp=\count110
)
(c:/texlive/2013/texmf-dist/tex/latex/listings/listings.sty
\lst@mode=\count111
\lst@gtempboxa=\box31
\lst@token=\toks26
\lst@length=\count112
\lst@currlwidth=\dimen136
\lst@column=\count113
\lst@pos=\count114
\lst@lostspace=\dimen137
\lst@width=\dimen138
\lst@newlines=\count115
\lst@lineno=\count116
\lst@maxwidth=\dimen139

(c:/texlive/2013/texmf-dist/tex/latex/listings/lstmisc.sty
File: lstmisc.sty 2014/03/04 1.5c (Carsten Heinz)
\c@lstnumber=\count117
\lst@skipnumbers=\count118
\lst@framebox=\box32
)
(c:/texlive/2013/texmf-dist/tex/latex/listings/listings.cfg
File: listings.cfg 2014/03/04 1.5c listings configuration
))
Package: listings 2014/03/04 1.5c (Carsten Heinz)

(c:/texlive/2013/texmf-dist/tex/latex/hyperref/hyperref.sty
Package: hyperref 2012/11/06 v6.83m Hypertext links for LaTeX

(c:/texlive/2013/texmf-dist/tex/generic/oberdiek/hobsub-hyperref.sty
Package: hobsub-hyperref 2012/05/28 v1.13 Bundle oberdiek, subset hyperref (HO)


(c:/texlive/2013/texmf-dist/tex/generic/oberdiek/hobsub-generic.sty
Package: hobsub-generic 2012/05/28 v1.13 Bundle oberdiek, subset generic (HO)
Package: hobsub 2012/05/28 v1.13 Construct package bundles (HO)
Package hobsub Info: Skipping package `infwarerr' (already loaded).
Package hobsub Info: Skipping package `ltxcmds' (already loaded).
Package hobsub Info: Skipping package `ifluatex' (already loaded).
Package hobsub Info: Skipping package `ifvtex' (already loaded).
Package: intcalc 2007/09/27 v1.1 Expandable calculations with integers (HO)
Package hobsub Info: Skipping package `ifpdf' (already loaded).
Package hobsub Info: Skipping package `etexcmds' (already loaded).
Package hobsub Info: Skipping package `kvsetkeys' (already loaded).
Package hobsub Info: Skipping package `kvdefinekeys' (already loaded).
Package hobsub Info: Skipping package `pdftexcmds' (already loaded).
Package: pdfescape 2011/11/25 v1.13 Implements pdfTeX's escape features (HO)
Package: bigintcalc 2012/04/08 v1.3 Expandable calculations on big integers (HO
)
Package: bitset 2011/01/30 v1.1 Handle bit-vector datatype (HO)
Package: uniquecounter 2011/01/30 v1.2 Provide unlimited unique counter (HO)
)
Package hobsub Info: Skipping package `hobsub' (already loaded).
Package: letltxmacro 2010/09/02 v1.4 Let assignment for LaTeX macros (HO)
Package: hopatch 2012/05/28 v1.2 Wrapper for package hooks (HO)
Package: xcolor-patch 2011/01/30 xcolor patch
Package: atveryend 2011/06/30 v1.8 Hooks at the very end of document (HO)
Package atveryend Info: \enddocument detected (standard20110627).
Package: atbegshi 2011/10/05 v1.16 At begin shipout hook (HO)
Package: refcount 2011/10/16 v3.4 Data extraction from label references (HO)
Package: hycolor 2011/01/30 v1.7 Color options for hyperref/bookmark (HO)
)
(c:/texlive/2013/texmf-dist/tex/latex/oberdiek/auxhook.sty
Package: auxhook 2011/03/04 v1.3 Hooks for auxiliary files (HO)
)
\@linkdim=\dimen140
\Hy@linkcounter=\count119
\Hy@pagecounter=\count120

(c:/texlive/2013/texmf-dist/tex/latex/hyperref/pd1enc.def
File: pd1enc.def 2012/11/06 v6.83m Hyperref: PDFDocEncoding definition (HO)
Now handling font encoding PD1 ...
... no UTF-8 mapping file for font encoding PD1
)
\Hy@SavedSpaceFactor=\count121

(c:/texlive/2013/texmf-dist/tex/latex/latexconfig/hyperref.cfg
File: hyperref.cfg 2002/06/06 v1.2 hyperref configuration of TeXLive
)
Package hyperref Info: Hyper figures OFF on input line 4443.
Package hyperref Info: Link nesting OFF on input line 4448.
Package hyperref Info: Hyper index ON on input line 4451.
Package hyperref Info: Plain pages OFF on input line 4458.
Package hyperref Info: Backreferencing OFF on input line 4463.
Package hyperref Info: Implicit mode ON; LaTeX internals redefined.
Package hyperref Info: Bookmarks ON on input line 4688.
\c@Hy@tempcnt=\count122

(c:/texlive/2013/texmf-dist/tex/latex/url/url.sty
\Urlmuskip=\muskip11
Package: url 2013/09/16  ver 3.4  Verb mode for urls, etc.
)
LaTeX Info: Redefining \url on input line 5041.
\XeTeXLinkMargin=\dimen141
\Fld@menulength=\count123
\Field@Width=\dimen142
\Fld@charsize=\dimen143
Package hyperref Info: Hyper figures OFF on input line 6295.
Package hyperref Info: Link nesting OFF on input line 6300.
Package hyperref Info: Hyper index ON on input line 6303.
Package hyperref Info: backreferencing OFF on input line 6310.
Package hyperref Info: Link coloring OFF on input line 6315.
Package hyperref Info: Link coloring with OCG OFF on input line 6320.
Package hyperref Info: PDF/A mode OFF on input line 6325.
LaTeX Info: Redefining \ref on input line 6365.
LaTeX Info: Redefining \pageref on input line 6369.
\Hy@abspage=\count124
\c@Item=\count125
\c@Hfootnote=\count126
)

Package hyperref Message: Driver (autodetected): hpdftex.

(c:/texlive/2013/texmf-dist/tex/latex/hyperref/hpdftex.def
File: hpdftex.def 2012/11/06 v6.83m Hyperref driver for pdfTeX
\Fld@listcount=\count127
\c@bookmark@seq@number=\count128

(c:/texlive/2013/texmf-dist/tex/latex/oberdiek/rerunfilecheck.sty
Package: rerunfilecheck 2011/04/15 v1.7 Rerun checks for auxiliary files (HO)
Package uniquecounter Info: New unique counter `rerunfilecheck' on input line 2
82.
)
\Hy@SectionHShift=\skip46
)
(c:/texlive/2013/texmf-dist/tex/latex/float/float.sty
Package: float 2001/11/08 v1.3d Float enhancements (AL)
\c@float@type=\count129
\float@exts=\toks27
\float@box=\box33
\@float@everytoks=\toks28
\@floatcapt=\box34
)
Package hyperref Info: Option `colorlinks' set `true' on input line 23.

(c:/texlive/2013/texmf-dist/tex/latex/oberdiek/hypcap.sty
Package: hypcap 2011/02/16 v1.11 Adjusting the anchors of captions (HO)
)
(c:/texlive/2013/texmf-dist/tex/latex/caption/subcaption.sty
Package: subcaption 2013/02/03 v1.1-62 Sub-captions (AR)

(c:/texlive/2013/texmf-dist/tex/latex/caption/caption.sty
Package: caption 2013/05/02 v3.3-89 Customizing captions (AR)

(c:/texlive/2013/texmf-dist/tex/latex/caption/caption3.sty
Package: caption3 2013/05/02 v1.6-88 caption3 kernel (AR)
Package caption3 Info: TeX engine: e-TeX on input line 57.
\captionmargin=\dimen144
\captionmargin@=\dimen145
\captionwidth=\dimen146
\caption@tempdima=\dimen147
\caption@indent=\dimen148
\caption@parindent=\dimen149
\caption@hangindent=\dimen150
)
\c@ContinuedFloat=\count130
Package caption Info: float package is loaded.
Package caption Info: hyperref package is loaded.
Package caption Info: hypcap package is loaded.
Package caption Info: listings package is loaded.
Package caption Info: wrapfig package is loaded.
)
\c@subfigure=\count131
\c@subtable=\count132
)
(./iCampus Development Guide.aux (./environment.aux

LaTeX Warning: Label `fig:plugins' multiply defined.


LaTeX Warning: Label `sub@fig:plugins' multiply defined.

) (./extension_development.aux) (./tool_guide.aux) (./development_guide.aux)
(./appendix.aux))
\openout1 = `"iCampus Development Guide.aux"'.

LaTeX Font Info:    Checking defaults for OML/cmm/m/it on input line 27.
LaTeX Font Info:    ... okay on input line 27.
LaTeX Font Info:    Checking defaults for T1/cmr/m/n on input line 27.
LaTeX Font Info:    ... okay on input line 27.
LaTeX Font Info:    Checking defaults for OT1/cmr/m/n on input line 27.
LaTeX Font Info:    ... okay on input line 27.
LaTeX Font Info:    Checking defaults for OMS/cmsy/m/n on input line 27.
LaTeX Font Info:    ... okay on input line 27.
LaTeX Font Info:    Checking defaults for OMX/cmex/m/n on input line 27.
LaTeX Font Info:    ... okay on input line 27.
LaTeX Font Info:    Checking defaults for U/cmr/m/n on input line 27.
LaTeX Font Info:    ... okay on input line 27.
LaTeX Font Info:    Checking defaults for PD1/pdf/m/n on input line 27.
LaTeX Font Info:    ... okay on input line 27.

*geometry* driver: auto-detecting
*geometry* detected driver: pdftex
*geometry* verbose mode - [ preamble ] result:
* driver: pdftex
* paper: <default>
* layout: <same size as paper>
* layoutoffset:(h,v)=(0.0pt,0.0pt)
* modes: 
* h-part:(L,W,R)=(92.14519pt, 430.00462pt, 92.14519pt)
* v-part:(T,H,B)=(95.39737pt, 556.47656pt, 143.09605pt)
* \paperwidth=614.295pt
* \paperheight=794.96999pt
* \textwidth=430.00462pt
* \textheight=556.47656pt
* \oddsidemargin=19.8752pt
* \evensidemargin=19.8752pt
* \topmargin=-13.87262pt
* \headheight=12.0pt
* \headsep=25.0pt
* \topskip=10.0pt
* \footskip=30.0pt
* \marginparwidth=65.0pt
* \marginparsep=11.0pt
* \columnsep=10.0pt
* \skip\footins=9.0pt plus 4.0pt minus 2.0pt
* \hoffset=0.0pt
* \voffset=0.0pt
* \mag=1000
* \@twocolumnfalse
* \@twosidefalse
* \@mparswitchfalse
* \@reversemarginfalse
* (1in=72.27pt=25.4mm, 1cm=28.453pt)

(c:/texlive/2013/texmf-dist/tex/context/base/supp-pdf.mkii
[Loading MPS to PDF converter (version 2006.09.02).]
\scratchcounter=\count133
\scratchdimen=\dimen151
\scratchbox=\box35
\nofMPsegments=\count134
\nofMParguments=\count135
\everyMPshowfont=\toks29
\MPscratchCnt=\count136
\MPscratchDim=\dimen152
\MPnumerator=\count137
\makeMPintoPDFobject=\count138
\everyMPtoPDFconversion=\toks30
)
\c@lstlisting=\count139
\AtBeginShipoutBox=\box36
 (c:/texlive/2013/texmf-dist/tex/latex/graphics/color.sty
Package: color 2005/11/14 v1.0j Standard LaTeX Color (DPC)

(c:/texlive/2013/texmf-dist/tex/latex/latexconfig/color.cfg
File: color.cfg 2007/01/18 v1.5 color configuration of teTeX/TeXLive
)
Package color Info: Driver file: pdftex.def on input line 130.
)
Package hyperref Info: Link coloring ON on input line 27.

(c:/texlive/2013/texmf-dist/tex/latex/hyperref/nameref.sty
Package: nameref 2012/10/27 v2.43 Cross-referencing by name of section

(c:/texlive/2013/texmf-dist/tex/generic/oberdiek/gettitlestring.sty
Package: gettitlestring 2010/12/03 v1.4 Cleanup title references (HO)
)
\c@section@level=\count140
)
LaTeX Info: Redefining \ref on input line 27.
LaTeX Info: Redefining \pageref on input line 27.
LaTeX Info: Redefining \nameref on input line 27.

(./iCampus Development Guide.out) (./iCampus Development Guide.out)
\@outlinefile=\write3
\openout3 = `"iCampus Development Guide.out"'.

Package caption Info: Begin \AtBeginDocument code.
Package caption Info: End \AtBeginDocument code.

<./images/thm.png, id=152, 702.625pt x 150.5625pt>
File: ./images/thm.png Graphic file (type png)
 <use ./images/thm.png>
Package pdftex.def Info: ./images/thm.png used on input line 33.
(pdftex.def)             Requested size: 398.33858pt x 85.35973pt.
LaTeX Font Info:    Try loading font information for U+msa on input line 35.

(c:/texlive/2013/texmf-dist/tex/latex/amsfonts/umsa.fd
File: umsa.fd 2013/01/14 v3.01 AMS symbols A
)
LaTeX Font Info:    Try loading font information for U+msb on input line 35.

(c:/texlive/2013/texmf-dist/tex/latex/amsfonts/umsb.fd
File: umsb.fd 2013/01/14 v3.01 AMS symbols B
)
Overfull \hbox (89.03043pt too wide) in paragraph at lines 35--35
 [][] 
 []

[1{c:/texlive/2013/texmf-var/fonts/map/pdftex/updmap/pdftex.map} <./images/thm.
png>] (./iCampus Development Guide.toc [2


])
\tf@toc=\write4
\openout4 = `"iCampus Development Guide.toc"'.

 [3]
Chapter 1.
[4

]
\openout2 = `environment.aux'.

 (./environment.tex
Chapter 2.

Underfull \hbox (badness 10000) in paragraph at lines 17--21

 []

<./images/xampp.png, id=218, 388.45125pt x 325.215pt>
File: ./images/xampp.png Graphic file (type png)
 <use ./images/xampp.png>
Package pdftex.def Info: ./images/xampp.png used on input line 24.
(pdftex.def)             Requested size: 170.71652pt x 142.92632pt.


LaTeX Warning: `h' float specifier changed to `ht'.

[5


]
Underfull \hbox (badness 10000) in paragraph at lines 32--33

 []

<./images/openphpini.png, id=230, 606.01407pt x 359.84438pt>
File: ./images/openphpini.png Graphic file (type png)

<use ./images/openphpini.png>
Package pdftex.def Info: ./images/openphpini.png used on input line 36.
(pdftex.def)             Requested size: 170.71652pt x 101.3707pt.

Underfull \hbox (badness 10000) in paragraph at lines 41--43

 []


Underfull \hbox (badness 10000) in paragraph at lines 41--43

 []

LaTeX Font Info:    Try loading font information for OMS+cmtt on input line 55.

LaTeX Font Info:    No file OMScmtt.fd. on input line 55.

LaTeX Font Warning: Font shape `OMS/cmtt/m/n' undefined
(Font)              using `OMS/cmsy/m/n' instead
(Font)              for symbol `textbackslash' on input line 55.

[6 <./images/xampp.png> <./images/openphpini.png>]
Underfull \hbox (badness 10000) in paragraph at lines 69--70

 []

LaTeX Font Info:    Try loading font information for OMS+cmr on input line 82.
(c:/texlive/2013/texmf-dist/tex/latex/base/omscmr.fd
File: omscmr.fd 1999/05/25 v2.5h Standard LaTeX font definitions
)
LaTeX Font Info:    Font shape `OMS/cmr/m/n' in size <10> not available
(Font)              Font shape `OMS/cmsy/m/n' tried instead on input line 82.

Overfull \hbox (26.60736pt too wide) in paragraph at lines 82--83
\OT1/cmr/m/n/10 The fol-low-ing set-tings which may re-fer to C:\OMS/cmsy/m/n/1
0 n\OT1/cmr/m/n/10 php\OMS/cmsy/m/n/10 n\OT1/cmr/m/n/10 pear need to be changed
 to point to C:\OMS/cmsy/m/n/10 n\OT1/cmr/m/n/10 xampp\OMS/cmsy/m/n/10 n\OT1/cm
r/m/n/10 php\OMS/cmsy/m/n/10 n\OT1/cmr/m/n/10 pear
 []


Underfull \hbox (badness 10000) in paragraph at lines 82--83

 []

[7]
Underfull \hbox (badness 10000) in paragraph at lines 99--100

 []

[8] [9]
Underfull \hbox (badness 10000) in paragraph at lines 152--157

 []


Overfull \hbox (3.99419pt too wide) in paragraph at lines 162--163
[]\OT1/cmr/m/n/10 Download [][]$\OT1/cmtt/m/n/10 https : / / phar . phpunit . d
e / phpunit . phar$[][] \OT1/cmr/m/n/10 and save the file as C:\OMS/cmsy/m/n/10
 n\OT1/cmr/m/n/10 bin\OMS/cmsy/m/n/10 n\OT1/cmr/m/n/10 phpunit.phar 
 []


Underfull \hbox (badness 10000) in paragraph at lines 164--165

 []


Underfull \hbox (badness 10000) in paragraph at lines 166--170

 []


Underfull \hbox (badness 10000) in paragraph at lines 171--172

 []


Underfull \hbox (badness 10000) in paragraph at lines 173--177

 []

<images/test folder structure.png, id=284, 459.96844pt x 603.0028pt>
File: images/test folder structure.png Graphic file (type png)

<use images/test folder structure.png>
Package pdftex.def Info: images/test folder structure.png used on input line 18
0.
(pdftex.def)             Requested size: 367.97525pt x 482.4029pt.

<images/test folder structure in joomla.png, id=286, 332.74312pt x 392.96812pt>
File: images/test folder structure in joomla.png Graphic file (type png)
<use images/test folder structure in joomla.png>
Package pdftex.def Info: images/test folder structure in joomla.png used on inp
ut line 189.
(pdftex.def)             Requested size: 266.19484pt x 314.37491pt.
 [10] [11 <./images/test folder structure.png>] [12 <./images/test folder struc
ture in joomla.png>]
Underfull \hbox (badness 10000) in paragraph at lines 204--205

 []

<./images/gitbash1.jpg, id=311, 512.91624pt x 397.485pt>
File: ./images/gitbash1.jpg Graphic file (type jpg)

<use ./images/gitbash1.jpg>
Package pdftex.def Info: ./images/gitbash1.jpg used on input line 208.
(pdftex.def)             Requested size: 170.71652pt x 132.29857pt.

Underfull \hbox (badness 10000) in paragraph at lines 214--215

 []

<./images/gitbash2.jpg, id=312, 509.905pt x 399.4925pt>
File: ./images/gitbash2.jpg Graphic file (type jpg)

<use ./images/gitbash2.jpg>
Package pdftex.def Info: ./images/gitbash2.jpg used on input line 218.
(pdftex.def)             Requested size: 170.71652pt x 133.75308pt.


LaTeX Warning: `h' float specifier changed to `ht'.


Underfull \hbox (badness 10000) in paragraph at lines 227--241

 []


Underfull \hbox (badness 10000) in paragraph at lines 227--241

 []


Overfull \hbox (1.40895pt too wide) in paragraph at lines 227--241
[] 
 []


Underfull \hbox (badness 10000) in paragraph at lines 227--241

 []


Underfull \hbox (badness 10000) in paragraph at lines 227--241

 []

[13 <./images/gitbash1.jpg>]
LaTeX Font Info:    Font shape `OT1/cmtt/bx/n' in size <10> not available
(Font)              Font shape `OT1/cmtt/m/n' tried instead on input line 248.

Underfull \hbox (badness 10000) in paragraph at lines 244--250

 []


Underfull \hbox (badness 10000) in paragraph at lines 244--250

 []


Underfull \hbox (badness 10000) in paragraph at lines 254--257

 []

[14 <./images/gitbash2.jpg>]
<./images/file-associations.png, id=329, 386.19281pt x 301.125pt>
File: ./images/file-associations.png Graphic file (type png)

<use ./images/file-associations.png>
Package pdftex.def Info: ./images/file-associations.png used on input line 264.

(pdftex.def)             Requested size: 142.26378pt x 110.92744pt.

Underfull \hbox (badness 10000) in paragraph at lines 268--272

 []


Overfull \hbox (8.85417pt too wide) in paragraph at lines 268--272
\OT1/cmtt/m/n/10 Hochschule Mittelhessen - University of Applied Sciences \OT1/
cmr/m/n/10 for the ``User or Com-pany Name"
 []

<./images/phpstorm-activation.png, id=330, 311.66437pt x 321.45094pt>
File: ./images/phpstorm-activation.png Graphic file (type png)

<use ./images/phpstorm-activation.png>
Package pdftex.def Info: ./images/phpstorm-activation.png used on input line 27
6.
(pdftex.def)             Requested size: 128.0374pt x 132.0606pt.
 [15 <./images/file-associations.png> <./images/phpstorm-activation.png>]
Underfull \hbox (badness 10000) in paragraph at lines 284--287

 []


Underfull \hbox (badness 10000) in paragraph at lines 284--287

 []

<./images/configurePhpStorm.png, id=344, 612.03656pt x 464.4853pt>
File: ./images/configurePhpStorm.png Graphic file (type png)

<use ./images/configurePhpStorm.png>
Package pdftex.def Info: ./images/configurePhpStorm.png used on input line 292.

(pdftex.def)             Requested size: 85.9996pt x 65.26138pt.

<./images/plugins.png, id=345, 612.03656pt x 464.4853pt>
File: ./images/plugins.png Graphic file (type png)

<use ./images/plugins.png>
Package pdftex.def Info: ./images/plugins.png used on input line 298.
(pdftex.def)             Requested size: 85.9996pt x 65.26138pt.

<./images/phpStormProjectSettings.png, id=346, 188.95593pt x 240.9pt>
File: ./images/phpStormProjectSettings.png Graphic file (type png)

<use ./images/phpStormProjectSettings.png>
Package pdftex.def Info: ./images/phpStormProjectSettings.png used on input lin
e 310.
(pdftex.def)             Requested size: 85.9996pt x 109.63907pt.

<./images/phpStormSettingsPlugins.png, id=347, 263.48438pt x 484.81125pt>
File: ./images/phpStormSettingsPlugins.png Graphic file (type png)

<use ./images/phpStormSettingsPlugins.png>
Package pdftex.def Info: ./images/phpStormSettingsPlugins.png used on input lin
e 316.
(pdftex.def)             Requested size: 85.9996pt x 158.24236pt.
 [16 <./images/configurePhpStorm.png> <./images/plugins.png> <./images/phpStorm
ProjectSettings.png> <./images/phpStormSettingsPlugins.png>]
<./images/phpStormPluginStore.png, id=364, 559.33969pt x 292.09125pt>
File: ./images/phpStormPluginStore.png Graphic file (type png)

<use ./images/phpStormPluginStore.png>
Package pdftex.def Info: ./images/phpStormPluginStore.png used on input line 33
1.
(pdftex.def)             Requested size: 258.00539pt x 134.73798pt.

<./images/downloadGerritPlugin.png, id=365, 632.3625pt x 525.46312pt>
File: ./images/downloadGerritPlugin.png Graphic file (type png)

<use ./images/downloadGerritPlugin.png>
Package pdftex.def Info: ./images/downloadGerritPlugin.png used on input line 3
41.
(pdftex.def)             Requested size: 171.99922pt x 142.91927pt.
 [17 <./images/phpStormPluginStore.png> <./images/downloadGerritPlugin.png>]
<./images/gerritSignIn.png, id=373, 871.75688pt x 255.95625pt>
File: ./images/gerritSignIn.png Graphic file (type png)

<use ./images/gerritSignIn.png>
Package pdftex.def Info: ./images/gerritSignIn.png used on input line 357.
(pdftex.def)             Requested size: 344.005pt x 101.00201pt.

<./images/gerritServerHTTPPassword.png, id=374, 865.73438pt x 451.6875pt>
File: ./images/gerritServerHTTPPassword.png Graphic file (type png)

<use ./images/gerritServerHTTPPassword.png>
Package pdftex.def Info: ./images/gerritServerHTTPPassword.png used on input li
ne 367.
(pdftex.def)             Requested size: 344.005pt x 179.47945pt.

<./images/new-gerrit-project.png, id=375, 612.03656pt x 464.4853pt>
File: ./images/new-gerrit-project.png Graphic file (type png)

<use ./images/new-gerrit-project.png>
Package pdftex.def Info: ./images/new-gerrit-project.png used on input line 377
.
(pdftex.def)             Requested size: 170.71652pt x 129.55887pt.


LaTeX Warning: `h' float specifier changed to `ht'.

<./images/phpstorm-gerrit-password.png, id=376, 877.02657pt x 463.7325pt>
File: ./images/phpstorm-gerrit-password.png Graphic file (type png)

<use ./images/phpstorm-gerrit-password.png>
Package pdftex.def Info: ./images/phpstorm-gerrit-password.png used on input li
ne 386.
(pdftex.def)             Requested size: 170.71652pt x 90.26118pt.
 [18 <./images/gerritSignIn.png> <./images/gerritServerHTTPPassword.png>]
Underfull \hbox (badness 10000) in paragraph at lines 396--399

 []

<./images/clone-repository.png, id=383, 545.03625pt x 134.00063pt>
File: ./images/clone-repository.png Graphic file (type png)

<use ./images/clone-repository.png>
Package pdftex.def Info: ./images/clone-repository.png used on input line 403.
(pdftex.def)             Requested size: 142.26378pt x 34.97632pt.
 [19 <./images/new-gerrit-project.png> <./images/phpstorm-gerrit-password.png> 
<./images/clone-repository.png>]
<./images/tool-window-activation.png, id=393, 363.60844pt x 250.68657pt>
File: ./images/tool-window-activation.png Graphic file (type png)

<use ./images/tool-window-activation.png>
Package pdftex.def Info: ./images/tool-window-activation.png used on input line
 415.
(pdftex.def)             Requested size: 142.26378pt x 98.08484pt.
 [20 <./images/tool-window-activation.png>]
Underfull \hbox (badness 10000) in paragraph at lines 446--449

 []


Underfull \hbox (badness 10000) in paragraph at lines 451--452

 []


Underfull \hbox (badness 10000) in paragraph at lines 452--453

 []


Underfull \hbox (badness 10000) in paragraph at lines 453--454

 []


Underfull \hbox (badness 10000) in paragraph at lines 460--461

 []


Underfull \hbox (badness 10000) in paragraph at lines 461--462

 []


Underfull \hbox (badness 10000) in paragraph at lines 462--463

 []

<./images/codesnifferinclusion.png, id=405, 650.43pt x 370.38374pt>
File: ./images/codesnifferinclusion.png Graphic file (type png)

<use ./images/codesnifferinclusion.png>
Package pdftex.def Info: ./images/codesnifferinclusion.png used on input line 4
75.
(pdftex.def)             Requested size: 398.33858pt x 226.838pt.

Underfull \hbox (badness 10000) in paragraph at lines 471--478

 []


LaTeX Warning: `h' float specifier changed to `ht'.

<./images/codesnifferconfiguration.png, id=406, 681.29532pt x 421.575pt>
File: ./images/codesnifferconfiguration.png Graphic file (type png)

<use ./images/codesnifferconfiguration.png>
Package pdftex.def Info: ./images/codesnifferconfiguration.png used on input li
ne 485.
(pdftex.def)             Requested size: 398.33858pt x 246.4885pt.

Underfull \hbox (badness 10000) in paragraph at lines 481--489

 []


LaTeX Warning: `h' float specifier changed to `ht'.

[21]
Underfull \hbox (badness 10000) in paragraph at lines 500--504

 []

[22 <./images/codesnifferinclusion.png>]
Underfull \hbox (badness 10000) in paragraph at lines 514--518

 []


Underfull \hbox (badness 10000) in paragraph at lines 521--526

 []


Underfull \hbox (badness 10000) in paragraph at lines 521--526

 []

[23 <./images/codesnifferconfiguration.png>]
<./images/rubyinstallation.png, id=438, 575.90157pt x 447.17062pt>
File: ./images/rubyinstallation.png Graphic file (type png)

<use ./images/rubyinstallation.png>
Package pdftex.def Info: ./images/rubyinstallation.png used on input line 529.
(pdftex.def)             Requested size: 142.26378pt x 110.46184pt.

Underfull \hbox (badness 10000) in paragraph at lines 534--536

 []

<./images/sassinstallation.png, id=440, 557.08125pt x 284.56313pt>
File: ./images/sassinstallation.png Graphic file (type png)

<use ./images/sassinstallation.png>
Package pdftex.def Info: ./images/sassinstallation.png used on input line 539.
(pdftex.def)             Requested size: 227.62204pt x 116.26782pt.


LaTeX Warning: `h' float specifier changed to `ht'.


Overfull \hbox (35.05309pt too wide) in paragraph at lines 549--557
\OT1/cmr/m/n/10 In iCam-pus our SASS in-fras-truc-ture, or SCSS in our case, ar
e stored at iCam-pus level in \OT1/cmtt/m/n/10 lib[]thm[]core\OMS/cmsy/m/n/10 n
\OT1/cmtt/m/n/10 scss\OT1/cmr/m/n/10 ,
 []


Overfull \hbox (1.77151pt too wide) in paragraph at lines 549--557
\OT1/cmr/m/n/10 at project level in $\OML/cmm/m/it/10 <$\OT1/cmtt/m/n/10 Projec
t Name$\OML/cmm/m/it/10 >$\OMS/cmsy/m/n/10 nn\OT1/cmtt/m/n/10 scss\OT1/cmr/m/n/
10 , and lastly the com-piled CSS files are stored in $\OML/cmm/m/it/10 <$\OT1/
cmtt/m/n/10 Project
 []


Underfull \hbox (badness 10000) in paragraph at lines 549--557

 []


Underfull \hbox (badness 10000) in paragraph at lines 549--557

 []


Underfull \hbox (badness 10000) in paragraph at lines 549--557

 []


Underfull \hbox (badness 10000) in paragraph at lines 549--557

 []


Underfull \hbox (badness 10000) in paragraph at lines 549--557

 []

[24 <./images/rubyinstallation.png>]
<./images/scsswatchernotification.png, id=449, 682.80093pt x 27.85406pt>
File: ./images/scsswatchernotification.png Graphic file (type png)

<use ./images/scsswatchernotification.png>
Package pdftex.def Info: ./images/scsswatchernotification.png used on input lin
e 560.
(pdftex.def)             Requested size: 284.52756pt x 11.60724pt.

Underfull \hbox (badness 10000) in paragraph at lines 565--568

 []


Underfull \hbox (badness 10000) in paragraph at lines 565--568

 []

<./images/settingsfilewatchers.png, id=450, 543.53062pt x 414.04688pt>
File: ./images/settingsfilewatchers.png Graphic file (type png)

<use ./images/settingsfilewatchers.png>
Package pdftex.def Info: ./images/settingsfilewatchers.png used on input line 5
71.
(pdftex.def)             Requested size: 284.52756pt x 216.7524pt.


LaTeX Warning: `h' float specifier changed to `ht'.

[25 <./images/sassinstallation.png> <./images/scsswatchernotification.png>]
Underfull \hbox (badness 10000) in paragraph at lines 578--580

 []

<./images/editwatcher-withoutMaps.png, id=458, 793.46437pt x 448.67625pt>
File: ./images/editwatcher-withoutMaps.png Graphic file (type png)

<use ./images/editwatcher-withoutMaps.png>
Package pdftex.def Info: ./images/editwatcher-withoutMaps.png used on input lin
e 584.
(pdftex.def)             Requested size: 455.24408pt x 257.4323pt.

Overfull \hbox (25.23946pt too wide) in paragraph at lines 584--585
 [][] 
 []


LaTeX Warning: `h' float specifier changed to `ht'.


Overfull \hbox (30.54735pt too wide) in paragraph at lines 591--592
\OT1/cmtt/m/n/10 $FileName$:$FileParentDir$/$\OML/cmm/m/it/10 <$\OT1/cmtt/m/n/1
0 Project Name$\OML/cmm/m/it/10 >$\OT1/cmtt/m/n/10 /media/css/$FileNameWithoutE
xtension$.css
 []


Overfull \hbox (25.10434pt too wide) in paragraph at lines 592--593
[]\OT1/cmtt/m/n/10 $FileParentDir$/$\OML/cmm/m/it/10 <$\OT1/cmtt/m/n/10 Project
 Name$\OML/cmm/m/it/10 >$\OT1/cmtt/m/n/10 /media/css/$FileNameWithoutExtension$
.css 
 []

[26 <./images/settingsfilewatchers.png>]
Underfull \hbox (badness 10000) in paragraph at lines 604--610

 []

[27 <./images/editwatcher-withoutMaps.png>]
Underfull \hbox (badness 10000) in paragraph at lines 625--631

 []


Underfull \hbox (badness 10000) in paragraph at lines 625--631

 []


Underfull \hbox (badness 10000) in paragraph at lines 634--637

 []


Underfull \hbox (badness 10000) in paragraph at lines 634--637

 []

<./images/databasecreation.png, id=476, 466.74374pt x 203.25937pt>
File: ./images/databasecreation.png Graphic file (type png)

<use ./images/databasecreation.png>
Package pdftex.def Info: ./images/databasecreation.png used on input line 640.
(pdftex.def)             Requested size: 170.71652pt x 74.34258pt.

Underfull \hbox (badness 10000) in paragraph at lines 647--650

 []


Underfull \hbox (badness 10000) in paragraph at lines 647--650

 []

[28 <./images/databasecreation.png>]
<./images/akeeba1.png, id=486, 677.53125pt x 639.89063pt>
File: ./images/akeeba1.png Graphic file (type png)

<use ./images/akeeba1.png>
Package pdftex.def Info: ./images/akeeba1.png used on input line 653.
(pdftex.def)             Requested size: 284.52756pt x 268.72293pt.
 [29 <./images/akeeba1.png>]
<./images/akeeba2.png, id=494, 677.53125pt x 489.32813pt>
File: ./images/akeeba2.png Graphic file (type png)

<use ./images/akeeba2.png>
Package pdftex.def Info: ./images/akeeba2.png used on input line 665.
(pdftex.def)             Requested size: 284.52756pt x 205.494pt.

Underfull \hbox (badness 10000) in paragraph at lines 670--681

 []

[30 <./images/akeeba2.png>]
<./images/akeeba3.png, id=501, 677.53125pt x 436.63126pt>
File: ./images/akeeba3.png Graphic file (type png)

<use ./images/akeeba3.png>
Package pdftex.def Info: ./images/akeeba3.png used on input line 689.
(pdftex.def)             Requested size: 284.52756pt x 183.36389pt.

Underfull \hbox (badness 10000) in paragraph at lines 694--698

 []


Underfull \hbox (badness 10000) in paragraph at lines 701--704

 []

[31 <./images/akeeba3.png>]
<./images/j3mainconfiguration.png, id=511, 915.42pt x 707.64375pt>
File: ./images/j3mainconfiguration.png Graphic file (type png)

<use ./images/j3mainconfiguration.png>
Package pdftex.def Info: ./images/j3mainconfiguration.png used on input line 70
9.
(pdftex.def)             Requested size: 227.62204pt x 175.9495pt.

Underfull \hbox (badness 10000) in paragraph at lines 714--716

 []

<./images/j3databaseconfiguration.png, id=512, 621.07031pt x 481.8pt>
File: ./images/j3databaseconfiguration.png Graphic file (type png)

<use ./images/j3databaseconfiguration.png>
Package pdftex.def Info: ./images/j3databaseconfiguration.png used on input lin
e 719.
(pdftex.def)             Requested size: 227.62204pt x 176.57967pt.

Underfull \hbox (badness 10000) in paragraph at lines 724--734

 []

[32 <./images/j3mainconfiguration.png> <./images/j3databaseconfiguration.png>]
<./images/j3finalization.png, id=518, 621.07031pt x 316.18124pt>
File: ./images/j3finalization.png Graphic file (type png)

<use ./images/j3finalization.png>
Package pdftex.def Info: ./images/j3finalization.png used on input line 739.
(pdftex.def)             Requested size: 284.52756pt x 144.85172pt.
) [33 <./images/j3finalization.png>]
\openout2 = `extension_development.aux'.


(./extension_development.tex)
\openout2 = `tool_guide.aux'.

 (./tool_guide.tex
Chapter 3.

Underfull \hbox (badness 10000) in paragraph at lines 7--8

 []


Underfull \hbox (badness 10000) in paragraph at lines 20--25

 []

<./images/Git_gerrit_jenkins.png, id=524, 910.15031pt x 597.73312pt>
File: ./images/Git_gerrit_jenkins.png Graphic file (type png)

<use ./images/Git_gerrit_jenkins.png>
Package pdftex.def Info: ./images/Git_gerrit_jenkins.png used on input line 37.

(pdftex.def)             Requested size: 341.43306pt x 224.23145pt.
 [34





]
<./images/gerrit-commit-directory.png, id=535, 700.6175pt x 583.17876pt>
File: ./images/gerrit-commit-directory.png Graphic file (type png)

<use ./images/gerrit-commit-directory.png>
Package pdftex.def Info: ./images/gerrit-commit-directory.png used on input lin
e 51.
(pdftex.def)             Requested size: 199.16928pt x 165.78053pt.
 [35 <./images/Git_gerrit_jenkins.png>]
<./images/gerrit-commit-directory-amend.png, id=543, 700.6175pt x 583.17876pt>
File: ./images/gerrit-commit-directory-amend.png Graphic file (type png)

<use ./images/gerrit-commit-directory-amend.png>
Package pdftex.def Info: ./images/gerrit-commit-directory-amend.png used on inp
ut line 60.
(pdftex.def)             Requested size: 199.16928pt x 165.78053pt.

<./images/gerrit-push-new.png, id=544, 686.565pt x 474.77374pt>
File: ./images/gerrit-push-new.png Graphic file (type png)

<use ./images/gerrit-push-new.png>
Package pdftex.def Info: ./images/gerrit-push-new.png used on input line 69.
(pdftex.def)             Requested size: 227.62204pt x 157.40025pt.
 [36 <./images/gerrit-commit-directory.png> <./images/gerrit-commit-directory-a
mend.png>]
<./images/gerrit-push-old.pdf, id=554, 678.535pt x 216.81pt>
File: ./images/gerrit-push-old.pdf Graphic file (type pdf)

<use ./images/gerrit-push-old.pdf>
Package pdftex.def Info: ./images/gerrit-push-old.pdf used on input line 78.
(pdftex.def)             Requested size: 227.62204pt x 72.72856pt.

<./images/gerrit-review.png, id=557, 601.24625pt x 313.17pt>
File: ./images/gerrit-review.png Graphic file (type png)

<use ./images/gerrit-review.png>
Package pdftex.def Info: ./images/gerrit-review.png used on input line 90.
(pdftex.def)             Requested size: 227.62204pt x 118.56142pt.
 [37 <./images/gerrit-push-new.png> <./images/gerrit-push-old.pdf>]
<./images/gerrit-feature.png, id=579, 1034.86626pt x 363.3575pt>
File: ./images/gerrit-feature.png Graphic file (type png)

<use ./images/gerrit-feature.png>
Package pdftex.def Info: ./images/gerrit-feature.png used on input line 102.
(pdftex.def)             Requested size: 284.52756pt x 99.89867pt.
) [38 <./images/gerrit-review.png> <./images/gerrit-feature.png>]
\openout2 = `development_guide.aux'.

 (./development_guide.tex
Chapter 4.
) [39



]
\openout2 = `appendix.aux'.

 (./appendix.tex
Appendix A.
) [40



]
Package atveryend Info: Empty hook `BeforeClearDocument' on input line 55.
Package atveryend Info: Empty hook `AfterLastShipout' on input line 55.
 (./iCampus Development Guide.aux (./environment.aux)
(./extension_development.aux) (./tool_guide.aux) (./development_guide.aux)
(./appendix.aux))
Package atveryend Info: Executing hook `AtVeryEndDocument' on input line 55.
Package atveryend Info: Executing hook `AtEndAfterFileList' on input line 55.
Package rerunfilecheck Info: File `"iCampus Development Guide".out' has not cha
nged.
(rerunfilecheck)             Checksum: 0993EBA978861A5164C6A399BA247082;2437.


LaTeX Font Warning: Some font shapes were not available, defaults substituted.


LaTeX Warning: There were multiply-defined labels.

Package atveryend Info: Empty hook `AtVeryVeryEnd' on input line 55.
 ) 
Here is how much of TeX's memory you used:
 10560 strings out of 493308
 159619 string characters out of 6141367
 255520 words of memory out of 5000000
 13634 multiletter control sequences out of 15000+600000
 13696 words of font info for 53 fonts, out of 8000000 for 9000
 957 hyphenation exceptions out of 8191
 59i,9n,94p,1653b,571s stack positions out of 5000i,500n,10000p,200000b,80000s
<c:/texlive/2013/texmf-dist/fonts/type1/public/amsfonts/cm/cmbx10.pfb><c:/tex
live/2013/texmf-dist/fonts/type1/public/amsfonts/cm/cmbx12.pfb><c:/texlive/2013
/texmf-dist/fonts/type1/public/amsfonts/cm/cmmi10.pfb><c:/texlive/2013/texmf-di
st/fonts/type1/public/amsfonts/cm/cmr10.pfb><c:/texlive/2013/texmf-dist/fonts/t
ype1/public/amsfonts/cm/cmr12.pfb><c:/texlive/2013/texmf-dist/fonts/type1/publi
c/amsfonts/cm/cmr17.pfb><c:/texlive/2013/texmf-dist/fonts/type1/public/amsfonts
/cm/cmr6.pfb><c:/texlive/2013/texmf-dist/fonts/type1/public/amsfonts/cm/cmr7.pf
b><c:/texlive/2013/texmf-dist/fonts/type1/public/amsfonts/cm/cmr8.pfb><c:/texli
ve/2013/texmf-dist/fonts/type1/public/amsfonts/cm/cmr9.pfb><c:/texlive/2013/tex
mf-dist/fonts/type1/public/amsfonts/cm/cmsy10.pfb><c:/texlive/2013/texmf-dist/f
onts/type1/public/amsfonts/cm/cmti10.pfb><c:/texlive/2013/texmf-dist/fonts/type
1/public/amsfonts/cm/cmtt10.pfb><c:/texlive/2013/texmf-dist/fonts/type1/public/
amsfonts/cm/cmtt8.pfb>
Output written on "iCampus Development Guide.pdf" (40 pages, 2339487 bytes).
PDF statistics:
 688 PDF objects out of 1000 (max. 8388607)
 569 compressed objects within 6 object streams
 168 named destinations out of 1000 (max. 500000)
 507 words of extra memory for PDF output out of 10000 (max. 10000000)

