\BOOKMARK [0][-]{chapter.1}{Introduction}{}% 1
\BOOKMARK [0][-]{chapter.2}{The Development Environment}{}% 2
\BOOKMARK [1][-]{section.2.1}{Local Web Server Installation and Configuration}{chapter.2}% 3
\BOOKMARK [2][-]{subsection.2.1.1}{XAMPP}{section.2.1}% 4
\BOOKMARK [2][-]{subsection.2.1.2}{PHP Configuration}{section.2.1}% 5
\BOOKMARK [2][-]{subsection.2.1.3}{PEAR Configuration}{section.2.1}% 6
\BOOKMARK [1][-]{section.2.2}{Git}{chapter.2}% 7
\BOOKMARK [2][-]{subsection.2.2.1}{Installation}{section.2.2}% 8
\BOOKMARK [2][-]{subsection.2.2.2}{User Configuration}{section.2.2}% 9
\BOOKMARK [1][-]{section.2.3}{PhpStorm}{chapter.2}% 10
\BOOKMARK [2][-]{subsection.2.3.1}{Installation}{section.2.3}% 11
\BOOKMARK [2][-]{subsection.2.3.2}{Required Plugins}{section.2.3}% 12
\BOOKMARK [2][-]{subsection.2.3.3}{Gerrit Configuration}{section.2.3}% 13
\BOOKMARK [2][-]{subsection.2.3.4}{THM Core Library}{section.2.3}% 14
\BOOKMARK [2][-]{subsection.2.3.5}{Tool Window Activation}{section.2.3}% 15
\BOOKMARK [1][-]{section.2.4}{Code Sniffer and Mess Detector}{chapter.2}% 16
\BOOKMARK [2][-]{subsection.2.4.1}{Standards Directory Inclusion}{section.2.4}% 17
\BOOKMARK [2][-]{subsection.2.4.2}{PhpStorm}{section.2.4}% 18
\BOOKMARK [1][-]{section.2.5}{SASS}{chapter.2}% 19
\BOOKMARK [2][-]{subsection.2.5.1}{Installation}{section.2.5}% 20
\BOOKMARK [2][-]{subsection.2.5.2}{PhpStorm Configuration}{section.2.5}% 21
\BOOKMARK [1][-]{section.2.6}{Joomla!}{chapter.2}% 22
\BOOKMARK [2][-]{subsection.2.6.1}{Database Creation}{section.2.6}% 23
\BOOKMARK [2][-]{subsection.2.6.2}{MNI Site Development}{section.2.6}% 24
\BOOKMARK [2][-]{subsection.2.6.3}{Joomla! 3.x Development}{section.2.6}% 25
\BOOKMARK [0][-]{chapter.3}{Tool Guide}{}% 26
\BOOKMARK [1][-]{section.3.1}{Git}{chapter.3}% 27
