\BOOKMARK [0][-]{chapter.1}{Allgemeine Untis Bedienungshinweise}{}% 1
\BOOKMARK [1][-]{section.1.1}{Felder der Ansicht}{chapter.1}% 2
\BOOKMARK [1][-]{section.1.2}{Filter}{chapter.1}% 3
\BOOKMARK [1][-]{section.1.3}{Sortierung}{chapter.1}% 4
\BOOKMARK [1][-]{section.1.4}{Font Einstellungen}{chapter.1}% 5
\BOOKMARK [0][-]{chapter.2}{Datenpflege in Untis}{}% 6
\BOOKMARK [1][-]{section.2.1}{Allgemeine Hinweise zur Datenpflege}{chapter.2}% 7
\BOOKMARK [1][-]{section.2.2}{Studieng\344nge \(Abteilungen\)}{chapter.2}% 8
\BOOKMARK [1][-]{section.2.3}{Beschreibungen}{chapter.2}% 9
\BOOKMARK [2][-]{subsection.2.3.1}{Kompetenzen}{section.2.3}% 10
\BOOKMARK [2][-]{subsection.2.3.2}{Raumkategorien}{section.2.3}% 11
\BOOKMARK [2][-]{subsection.2.3.3}{Unterrichtsmethoden}{section.2.3}% 12
\BOOKMARK [1][-]{section.2.4}{Gruppen \(Klassen\)}{chapter.2}% 13
\BOOKMARK [2][-]{subsection.2.4.1}{Zeitraster}{section.2.4}% 14
\BOOKMARK [1][-]{section.2.5}{Dozenten \(Lehrer\)}{chapter.2}% 15
\BOOKMARK [1][-]{section.2.6}{R\344ume}{chapter.2}% 16
\BOOKMARK [2][-]{subsection.2.6.1}{Raumgruppen}{section.2.6}% 17
\BOOKMARK [1][-]{section.2.7}{F\344cher}{chapter.2}% 18
\BOOKMARK [1][-]{section.2.8}{Unterrichtsgruppen}{chapter.2}% 19
\BOOKMARK [0][-]{chapter.3}{Unterrichtplanung}{}% 20
\BOOKMARK [1][-]{section.3.1}{Lehrplanung}{chapter.3}% 21
\BOOKMARK [2][-]{subsection.3.1.1}{R\344ume}{section.3.1}% 22
\BOOKMARK [1][-]{section.3.2}{Stundenplanung}{chapter.3}% 23
\BOOKMARK [0][-]{Appendix.a.A}{Zusatzmaterial}{}% 24
\BOOKMARK [1][-]{section.a.A.1}{Dennifelsche Raumkategorien}{Appendix.a.A}% 25
\BOOKMARK [1][-]{section.a.A.2}{Unterrichtsgruppen}{Appendix.a.A}% 26
