\BOOKMARK [0][-]{chapter.1}{Allgemeine Untis Bedienungshinweise}{}% 1
\BOOKMARK [1][-]{section.1.1}{Ribbon Oberfl\344che und neue Men\374f\374hrung}{chapter.1}% 2
\BOOKMARK [2][-]{subsection.1.1.1}{Men\374 Personalisierung}{section.1.1}% 3
\BOOKMARK [2][-]{subsection.1.1.2}{Standard Fenstergruppen}{section.1.1}% 4
\BOOKMARK [1][-]{section.1.2}{Fensterbedienung}{chapter.1}% 5
\BOOKMARK [2][-]{subsection.1.2.1}{Auswahl und Suche}{section.1.2}% 6
\BOOKMARK [2][-]{subsection.1.2.2}{Symbolleiste Aktionen}{section.1.2}% 7
\BOOKMARK [2][-]{subsection.1.2.3}{Fenster-Aktionen}{section.1.2}% 8
\BOOKMARK [0][-]{chapter.2}{Datenpflege in Untis}{}% 9
\BOOKMARK [1][-]{section.2.1}{Allgemeine Hinweise zur Datenpflege}{chapter.2}% 10
\BOOKMARK [1][-]{section.2.2}{Studieng\344nge \(Abteilungen\)}{chapter.2}% 11
\BOOKMARK [1][-]{section.2.3}{Beschreibungen}{chapter.2}% 12
\BOOKMARK [2][-]{subsection.2.3.1}{Kompetenzen}{section.2.3}% 13
\BOOKMARK [2][-]{subsection.2.3.2}{Raumkategorien}{section.2.3}% 14
\BOOKMARK [2][-]{subsection.2.3.3}{Unterrichtsmethoden}{section.2.3}% 15
\BOOKMARK [1][-]{section.2.4}{Gruppen \(Klassen\)}{chapter.2}% 16
\BOOKMARK [2][-]{subsection.2.4.1}{Zeitraster}{section.2.4}% 17
\BOOKMARK [1][-]{section.2.5}{Dozenten \(Lehrer\)}{chapter.2}% 18
\BOOKMARK [1][-]{section.2.6}{R\344ume}{chapter.2}% 19
\BOOKMARK [2][-]{subsection.2.6.1}{Raumgruppen}{section.2.6}% 20
\BOOKMARK [1][-]{section.2.7}{F\344cher}{chapter.2}% 21
\BOOKMARK [1][-]{section.2.8}{Unterrichtsgruppen}{chapter.2}% 22
\BOOKMARK [0][-]{chapter.3}{Unterrichtplanung}{}% 23
\BOOKMARK [1][-]{section.3.1}{Lehrplanung}{chapter.3}% 24
\BOOKMARK [2][-]{subsection.3.1.1}{R\344ume}{section.3.1}% 25
\BOOKMARK [1][-]{section.3.2}{Stundenplanung}{chapter.3}% 26
\BOOKMARK [0][-]{chapter.4}{Fortgeschrittene Einstellungen}{}% 27
\BOOKMARK [1][-]{section.4.1}{Schaltfl\344che Personalisierung}{chapter.4}% 28
\BOOKMARK [0][-]{Appendix.a.A}{Zusatzmaterial}{}% 29
\BOOKMARK [1][-]{section.a.A.1}{Dennifelsche Raumkategorien}{Appendix.a.A}% 30
\BOOKMARK [1][-]{section.a.A.2}{Unterrichtsgruppen 2014/2015}{Appendix.a.A}% 31
